<?xml version="1.0" encoding="UTF-8"?>
<testsuite name="helix.MatrixHelixMorphTest" tests="13" skipped="0" failures="0" errors="0" timestamp="2021-04-10T17:51:45" hostname="NAVJOT" time="0.012">
  <properties/>
  <testcase name="test1x1" classname="helix.MatrixHelixMorphTest" time="0.007"/>
  <testcase name="test1x2" classname="helix.MatrixHelixMorphTest" time="0.0"/>
  <testcase name="test2x1" classname="helix.MatrixHelixMorphTest" time="0.0"/>
  <testcase name="test2x2" classname="helix.MatrixHelixMorphTest" time="0.0"/>
  <testcase name="test3x5" classname="helix.MatrixHelixMorphTest" time="0.0"/>
  <testcase name="test4x6" classname="helix.MatrixHelixMorphTest" time="0.0"/>
  <testcase name="test5x3" classname="helix.MatrixHelixMorphTest" time="0.001"/>
  <testcase name="test6x4" classname="helix.MatrixHelixMorphTest" time="0.0"/>
  <testcase name="testTestMatrix3x3" classname="helix.MatrixHelixMorphTest" time="0.0"/>
  <testcase name="invalidMatrixTest" classname="helix.MatrixHelixMorphTest" time="0.0"/>
  <testcase name="nullMatrixTest" classname="helix.MatrixHelixMorphTest" time="0.0"/>
  <testcase name="testMatrix0x0" classname="helix.MatrixHelixMorphTest" time="0.0"/>
  <testcase name="testMatrix4x5" classname="helix.MatrixHelixMorphTest" time="0.0"/>
  <system-out><![CDATA[1	
1	2	
1	
2	
1	2	
4	3	
1	2	3	4	5	
12	13	14	15	6	
11	10	9	8	7	
1	3	5	7	9	11	
19	21	23	22	24	2	
17	32	30	28	26	4	
15	13	12	10	8	6	
1	2	3	
12	13	4	
11	14	5	
10	15	6	
9	8	7	
1	3	5	7	
16	17	19	2	
14	24	21	4	
12	22	23	6	
10	20	18	8	
15	13	11	9	
1	2	3	
8	9	4	
7	6	5	
7	5	1	4	6	
4	1	10	11	3	
2	14	19	15	2	
3	8	8	1	9	
]]></system-out>
  <system-err><![CDATA[]]></system-err>
</testsuite>
